[debug] [2024-11-19T18:43:48.170Z] ----------------------------------------------------------------------
[debug] [2024-11-19T18:43:48.174Z] Command:       C:\Program Files\nodejs\node.exe C:\Users\user\AppData\Roaming\npm\node_modules\firebase-tools\lib\bin\firebase.js init
[debug] [2024-11-19T18:43:48.175Z] CLI Version:   13.25.0
[debug] [2024-11-19T18:43:48.175Z] Platform:      win32
[debug] [2024-11-19T18:43:48.175Z] Node Version:  v20.16.0
[debug] [2024-11-19T18:43:48.175Z] Time:          Tue Nov 19 2024 13:43:48 GMT-0500 (Eastern Standard Time)
[debug] [2024-11-19T18:43:48.175Z] ----------------------------------------------------------------------
[debug] 
[debug] [2024-11-19T18:43:48.185Z] > command requires scopes: ["email","openid","https://www.googleapis.com/auth/cloudplatformprojects.readonly","https://www.googleapis.com/auth/firebase","https://www.googleapis.com/auth/cloud-platform"]
[debug] [2024-11-19T18:43:48.186Z] > authorizing via signed-in user (natanaelbatistaalvarez@gmail.com)
[info] 
     ######## #### ########  ######## ########     ###     ######  ########
     ##        ##  ##     ## ##       ##     ##  ##   ##  ##       ##
     ######    ##  ########  ######   ########  #########  ######  ######
     ##        ##  ##    ##  ##       ##     ## ##     ##       ## ##
     ##       #### ##     ## ######## ########  ##     ##  ######  ########

You're about to initialize a Firebase project in this directory:

  C:\Users\user\ESSPI web app\ESSPI---WEBSITE

[info] 
=== Project Setup
[info] 
[info] First, let's associate this project directory with a Firebase project.
[info] You can create multiple project aliases by running firebase use --add, 
[info] but for now we'll just set up a default project.
[info] 
[debug] [2024-11-19T18:44:56.981Z] Checked if tokens are valid: true, expires at: 1732045413204
[debug] [2024-11-19T18:44:56.982Z] Checked if tokens are valid: true, expires at: 1732045413204
[debug] [2024-11-19T18:44:56.984Z] >>> [apiv2][query] GET https://firebase.googleapis.com/v1beta1/projects pageSize=100
[debug] [2024-11-19T18:44:57.592Z] <<< [apiv2][status] GET https://firebase.googleapis.com/v1beta1/projects 200
[debug] [2024-11-19T18:44:57.592Z] <<< [apiv2][body] GET https://firebase.googleapis.com/v1beta1/projects [omitted]
[info] i  Using project esspi-b8687 (ESSPI) 
[info] 
=== Dataconnect Setup
[debug] [2024-11-19T18:44:59.314Z] Checked if tokens are valid: true, expires at: 1732045413204
[debug] [2024-11-19T18:44:59.315Z] Checked if tokens are valid: true, expires at: 1732045413204
[debug] [2024-11-19T18:44:59.315Z] >>> [apiv2][query] GET https://cloudbilling.googleapis.com/v1/projects/esspi-b8687/billingInfo [none]
[debug] [2024-11-19T18:44:59.903Z] <<< [apiv2][status] GET https://cloudbilling.googleapis.com/v1/projects/esspi-b8687/billingInfo 200
[debug] [2024-11-19T18:44:59.903Z] <<< [apiv2][body] GET https://cloudbilling.googleapis.com/v1/projects/esspi-b8687/billingInfo {"name":"projects/esspi-b8687/billingInfo","projectId":"esspi-b8687","billingAccountName":"billingAccounts/01EFD8-E1CB35-99D1B3","billingEnabled":true}
[info] i  dataconnect: ensuring required API firebasedataconnect.googleapis.com is enabled... 
[debug] [2024-11-19T18:44:59.904Z] Checked if tokens are valid: true, expires at: 1732045413204
[debug] [2024-11-19T18:44:59.904Z] Checked if tokens are valid: true, expires at: 1732045413204
[debug] [2024-11-19T18:44:59.904Z] >>> [apiv2][query] GET https://serviceusage.googleapis.com/v1/projects/esspi-b8687/services/firebasedataconnect.googleapis.com [none]
[debug] [2024-11-19T18:44:59.905Z] >>> [apiv2][(partial)header] GET https://serviceusage.googleapis.com/v1/projects/esspi-b8687/services/firebasedataconnect.googleapis.com x-goog-quota-user=projects/esspi-b8687
[debug] [2024-11-19T18:45:00.568Z] <<< [apiv2][status] GET https://serviceusage.googleapis.com/v1/projects/esspi-b8687/services/firebasedataconnect.googleapis.com 200
[debug] [2024-11-19T18:45:00.569Z] <<< [apiv2][body] GET https://serviceusage.googleapis.com/v1/projects/esspi-b8687/services/firebasedataconnect.googleapis.com [omitted]
[warn] !  dataconnect: missing required API firebasedataconnect.googleapis.com. Enabling now... 
[debug] [2024-11-19T18:45:00.572Z] Checked if tokens are valid: true, expires at: 1732045413204
[debug] [2024-11-19T18:45:00.572Z] Checked if tokens are valid: true, expires at: 1732045413204
[debug] [2024-11-19T18:45:00.573Z] >>> [apiv2][query] POST https://serviceusage.googleapis.com/v1/projects/esspi-b8687/services/firebasedataconnect.googleapis.com:enable [none]
[debug] [2024-11-19T18:45:00.573Z] >>> [apiv2][(partial)header] POST https://serviceusage.googleapis.com/v1/projects/esspi-b8687/services/firebasedataconnect.googleapis.com:enable x-goog-quota-user=projects/esspi-b8687
[debug] [2024-11-19T18:45:01.154Z] <<< [apiv2][status] POST https://serviceusage.googleapis.com/v1/projects/esspi-b8687/services/firebasedataconnect.googleapis.com:enable 200
[debug] [2024-11-19T18:45:01.154Z] <<< [apiv2][body] POST https://serviceusage.googleapis.com/v1/projects/esspi-b8687/services/firebasedataconnect.googleapis.com:enable [omitted]
[debug] [2024-11-19T18:45:11.160Z] Checked if tokens are valid: true, expires at: 1732045413204
[debug] [2024-11-19T18:45:11.160Z] Checked if tokens are valid: true, expires at: 1732045413204
[debug] [2024-11-19T18:45:11.160Z] >>> [apiv2][query] GET https://serviceusage.googleapis.com/v1/projects/esspi-b8687/services/firebasedataconnect.googleapis.com [none]
[debug] [2024-11-19T18:45:11.160Z] >>> [apiv2][(partial)header] GET https://serviceusage.googleapis.com/v1/projects/esspi-b8687/services/firebasedataconnect.googleapis.com x-goog-quota-user=projects/esspi-b8687
[debug] [2024-11-19T18:45:11.778Z] <<< [apiv2][status] GET https://serviceusage.googleapis.com/v1/projects/esspi-b8687/services/firebasedataconnect.googleapis.com 200
[debug] [2024-11-19T18:45:11.778Z] <<< [apiv2][body] GET https://serviceusage.googleapis.com/v1/projects/esspi-b8687/services/firebasedataconnect.googleapis.com [omitted]
[info] +  dataconnect: required API firebasedataconnect.googleapis.com is enabled 
[info] i  dataconnect: ensuring required API sqladmin.googleapis.com is enabled... 
[debug] [2024-11-19T18:45:11.794Z] Checked if tokens are valid: true, expires at: 1732045413204
[debug] [2024-11-19T18:45:11.795Z] Checked if tokens are valid: true, expires at: 1732045413204
[debug] [2024-11-19T18:45:11.796Z] >>> [apiv2][query] GET https://serviceusage.googleapis.com/v1/projects/esspi-b8687/services/sqladmin.googleapis.com [none]
[debug] [2024-11-19T18:45:11.798Z] >>> [apiv2][(partial)header] GET https://serviceusage.googleapis.com/v1/projects/esspi-b8687/services/sqladmin.googleapis.com x-goog-quota-user=projects/esspi-b8687
[debug] [2024-11-19T18:45:12.160Z] <<< [apiv2][status] GET https://serviceusage.googleapis.com/v1/projects/esspi-b8687/services/sqladmin.googleapis.com 200
[debug] [2024-11-19T18:45:12.160Z] <<< [apiv2][body] GET https://serviceusage.googleapis.com/v1/projects/esspi-b8687/services/sqladmin.googleapis.com [omitted]
[warn] !  dataconnect: missing required API sqladmin.googleapis.com. Enabling now... 
[debug] [2024-11-19T18:45:12.163Z] Checked if tokens are valid: true, expires at: 1732045413204
[debug] [2024-11-19T18:45:12.163Z] Checked if tokens are valid: true, expires at: 1732045413204
[debug] [2024-11-19T18:45:12.163Z] >>> [apiv2][query] POST https://serviceusage.googleapis.com/v1/projects/esspi-b8687/services/sqladmin.googleapis.com:enable [none]
[debug] [2024-11-19T18:45:12.164Z] >>> [apiv2][(partial)header] POST https://serviceusage.googleapis.com/v1/projects/esspi-b8687/services/sqladmin.googleapis.com:enable x-goog-quota-user=projects/esspi-b8687
[debug] [2024-11-19T18:45:12.714Z] <<< [apiv2][status] POST https://serviceusage.googleapis.com/v1/projects/esspi-b8687/services/sqladmin.googleapis.com:enable 200
[debug] [2024-11-19T18:45:12.714Z] <<< [apiv2][body] POST https://serviceusage.googleapis.com/v1/projects/esspi-b8687/services/sqladmin.googleapis.com:enable [omitted]
[debug] [2024-11-19T18:45:22.726Z] Checked if tokens are valid: true, expires at: 1732045413204
[debug] [2024-11-19T18:45:22.726Z] Checked if tokens are valid: true, expires at: 1732045413204
[debug] [2024-11-19T18:45:22.727Z] >>> [apiv2][query] GET https://serviceusage.googleapis.com/v1/projects/esspi-b8687/services/sqladmin.googleapis.com [none]
[debug] [2024-11-19T18:45:22.727Z] >>> [apiv2][(partial)header] GET https://serviceusage.googleapis.com/v1/projects/esspi-b8687/services/sqladmin.googleapis.com x-goog-quota-user=projects/esspi-b8687
[debug] [2024-11-19T18:45:23.203Z] <<< [apiv2][status] GET https://serviceusage.googleapis.com/v1/projects/esspi-b8687/services/sqladmin.googleapis.com 200
[debug] [2024-11-19T18:45:23.203Z] <<< [apiv2][body] GET https://serviceusage.googleapis.com/v1/projects/esspi-b8687/services/sqladmin.googleapis.com [omitted]
[info] +  dataconnect: required API sqladmin.googleapis.com is enabled 
[info] i  dataconnect: ensuring required API compute.googleapis.com is enabled... 
[debug] [2024-11-19T18:45:23.207Z] Checked if tokens are valid: true, expires at: 1732045413204
[debug] [2024-11-19T18:45:23.207Z] Checked if tokens are valid: true, expires at: 1732045413204
[debug] [2024-11-19T18:45:23.208Z] >>> [apiv2][query] GET https://serviceusage.googleapis.com/v1/projects/esspi-b8687/services/compute.googleapis.com [none]
[debug] [2024-11-19T18:45:23.208Z] >>> [apiv2][(partial)header] GET https://serviceusage.googleapis.com/v1/projects/esspi-b8687/services/compute.googleapis.com x-goog-quota-user=projects/esspi-b8687
[debug] [2024-11-19T18:45:23.708Z] <<< [apiv2][status] GET https://serviceusage.googleapis.com/v1/projects/esspi-b8687/services/compute.googleapis.com 200
[debug] [2024-11-19T18:45:23.709Z] <<< [apiv2][body] GET https://serviceusage.googleapis.com/v1/projects/esspi-b8687/services/compute.googleapis.com [omitted]
[warn] !  dataconnect: missing required API compute.googleapis.com. Enabling now... 
[debug] [2024-11-19T18:45:23.710Z] Checked if tokens are valid: true, expires at: 1732045413204
[debug] [2024-11-19T18:45:23.710Z] Checked if tokens are valid: true, expires at: 1732045413204
[debug] [2024-11-19T18:45:23.710Z] >>> [apiv2][query] POST https://serviceusage.googleapis.com/v1/projects/esspi-b8687/services/compute.googleapis.com:enable [none]
[debug] [2024-11-19T18:45:23.710Z] >>> [apiv2][(partial)header] POST https://serviceusage.googleapis.com/v1/projects/esspi-b8687/services/compute.googleapis.com:enable x-goog-quota-user=projects/esspi-b8687
[debug] [2024-11-19T18:45:24.495Z] <<< [apiv2][status] POST https://serviceusage.googleapis.com/v1/projects/esspi-b8687/services/compute.googleapis.com:enable 200
[debug] [2024-11-19T18:45:24.495Z] <<< [apiv2][body] POST https://serviceusage.googleapis.com/v1/projects/esspi-b8687/services/compute.googleapis.com:enable [omitted]
